<?xml version="1.0" encoding="UTF-8"?>
<!-- Generated by org.testng.reporters.JUnitReportReporter -->
<testsuite hostname="Meeshos-MacBook-Pro.local" failures="0" tests="1" name="AppTest" time="3.840" errors="0" timestamp="2021-06-18T13:47:08 IST" skipped="0">
  <testcase classname="AppTest" name="myFirstTest" time="3.840"/>
  <system-out/>
</testsuite> <!-- AppTest -->
